0 silly argv {
0 silly argv   _: [ 'version' ],
0 silly argv   'conventional-commits': true,
0 silly argv   conventionalCommits: true,
0 silly argv   'conventional-prerelease': true,
0 silly argv   conventionalPrerelease: true,
0 silly argv   preid: 'beta',
0 silly argv   yes: true,
0 silly argv   y: true,
0 silly argv   lernaVersion: '5.5.2',
0 silly argv   '$0': '/Users/sduque/Documents/dev/nxkit/nxkit/node_modules/.bin/lerna'
0 silly argv }
1 notice cli v5.5.2
2 verbose rootPath /Users/sduque/Documents/dev/nxkit/nxkit
3 info current version 0.0.0
4 silly isAnythingCommitted
5 verbose isAnythingCommitted 1
6 silly getCurrentBranch
7 verbose currentBranch feat/repo/setup-releasing
8 silly remoteBranchExists
9 silly isBehindUpstream
10 silly isBehindUpstream feat/repo/setup-releasing is behind origin/feat/repo/setup-releasing by 0 commit(s) and ahead by 0
11 silly hasTags
12 verbose hasTags false
13 info Assuming all packages changed
14 verbose updated @nxkit/playwright
15 verbose git-describe undefined => "596e272"
16 silly git-describe parsed => {"refCount":"9","sha":"596e272","isDirty":false}
17 silly fixed for @nxkit/playwright at /Users/sduque/Documents/dev/nxkit/nxkit/dist/packages/playwright
18 verbose getChangelogConfig using preset "conventional-changelog-angular"
19 silly npa Result {
19 silly npa   type: 'tag',
19 silly npa   registry: true,
19 silly npa   where: undefined,
19 silly npa   raw: 'conventional-changelog-angular',
19 silly npa   name: 'conventional-changelog-angular',
19 silly npa   escapedName: 'conventional-changelog-angular',
19 silly npa   scope: undefined,
19 silly npa   rawSpec: '',
19 silly npa   saveSpec: null,
19 silly npa   fetchSpec: 'latest',
19 silly npa   gitRange: undefined,
19 silly npa   gitCommittish: undefined,
19 silly npa   hosted: undefined
19 silly npa }
20 verbose getChangelogConfig Attempting to resolve preset "conventional-changelog-angular"
21 info getChangelogConfig Successfully resolved preset "conventional-changelog-angular"
22 verbose fixed increment 0.0.1 by prepatch
23 info auto-confirmed
24 info execute Skipping releases
25 silly lifecycle No script for "preversion" in "@nxkit/nxkit-source", continuing
26 silly lifecycle No script for "preversion" in "@nxkit/playwright", continuing
27 verbose version @nxkit/playwright has no lockfile. Skipping lockfile update.
28 silly lifecycle No script for "version" in "@nxkit/playwright", continuing
29 silly fixed for @nxkit/playwright at /Users/sduque/Documents/dev/nxkit/nxkit/dist/packages/playwright
30 silly fixed writing new entry: "## 0.0.2-beta.0 (2022-09-22)\n\n**Note:** Version bump only for package @nxkit/playwright\n\n\n\n"
31 verbose fixed wrote /Users/sduque/Documents/dev/nxkit/nxkit/dist/packages/playwright/CHANGELOG.md
32 silly root for @nxkit/nxkit-source at /Users/sduque/Documents/dev/nxkit/nxkit
33 silly root writing new entry: "## 0.0.2-beta.0 (2022-09-22)\n\n\n### Features\n\n* **playwright:** base implementation ([#2](https://github.com/nxkit/nxkit/issues/2)) ([c318e65](https://github.com/nxkit/nxkit/commit/c318e6540b7ef0c5ef7aad1fa5165c57a25bc4f0))\n* **repo:** add husky config ([5f4ed9f](https://github.com/nxkit/nxkit/commit/5f4ed9f27eb6e58375353d04f3f70fccbc0d7148))\n* **repo:** add husky config ([e7d8287](https://github.com/nxkit/nxkit/commit/e7d8287201c3ad4b78427f1f9a20f6db22f61e29))\n* **repo:** setup releasing ([596e272](https://github.com/nxkit/nxkit/commit/596e272e39e88def2cbb0c5b02d75b510f8afed5))\n* **repo:** setup releasing ([af3bff8](https://github.com/nxkit/nxkit/commit/af3bff8af246ec3a32257401baeeb7129236710c))\n* **repo:** setup releasing ([032dcd1](https://github.com/nxkit/nxkit/commit/032dcd1287e4bcd78b940dfca4d2aec3283a791c))\n* **repo:** setup releasing ([cc34369](https://github.com/nxkit/nxkit/commit/cc34369c9d6f6a2c47a80854c8001d8af933e3a4))\n\n\n\n"
34 verbose root wrote /Users/sduque/Documents/dev/nxkit/nxkit/CHANGELOG.md
35 silly lifecycle No script for "version" in "@nxkit/nxkit-source", continuing
36 silly gitAdd [
36 silly gitAdd   'dist/packages/playwright/package.json',
36 silly gitAdd   'dist/packages/playwright/CHANGELOG.md',
36 silly gitAdd   'CHANGELOG.md',
36 silly gitAdd   'lerna.json'
36 silly gitAdd ]
37 error Error: Command failed with exit code 1: git add -- dist/packages/playwright/package.json dist/packages/playwright/CHANGELOG.md CHANGELOG.md lerna.json
37 error The following paths are ignored by one of your .gitignore files:
37 error dist
37 error hint: Use -f if you really want to add them.
37 error hint: Turn this message off by running
37 error hint: "git config advice.addIgnoredFile false"
37 error     at makeError (/Users/sduque/Documents/dev/nxkit/nxkit/node_modules/execa/lib/error.js:60:11)
37 error     at handlePromise (/Users/sduque/Documents/dev/nxkit/nxkit/node_modules/execa/index.js:118:26)
37 error     at processTicksAndRejections (node:internal/process/task_queues:96:5)
37 error     at async Promise.all (index 0)
